<?xml version="1.0" encoding="UTF-8"?>
<!-- Generated by org.testng.reporters.JUnitReportReporter -->
<testsuite name="org.execution.RunExecution" tests="1" time="8.150" ignored="0" failures="0" timestamp="17 Mar 2022 10:15:37 GMT" skipped="0" hostname="DIGITAL-0099" errors="0">
  <testcase name="f" time="8.150" classname="org.execution.RunExecution"/>
</testsuite> <!-- org.execution.RunExecution -->
