<?xml version="1.0" encoding="UTF-8"?>
<!-- Generated by org.testng.reporters.JUnitReportReporter -->
<testsuite name="org.run.SCUF.ExecuteScuf" tests="1" time="11.498" ignored="0" failures="0" timestamp="16 Mar 2022 05:05:14 GMT" skipped="0" hostname="DIGITAL-0099" errors="0">
  <testcase name="f" time="11.498" classname="org.run.SCUF.ExecuteScuf"/>
</testsuite> <!-- org.run.SCUF.ExecuteScuf -->
